<?xml version="1.0" encoding="UTF-8"?>
<!-- Generated by org.testng.reporters.JUnitXMLReporter -->
<testsuite ignored="0" hostname="LAPTOP-QLF7DR7D" failures="1" tests="1" name="Surefire test" time="12.547" errors="0" timestamp="2021-03-20T16:31:58 GMT-07:00">
  <testcase classname="io.cucumber.testng.AbstractTestNGCucumberTests" name="runScenario" time="11.65">
    <failure type="java.lang.AssertionError" message="expected [Title is not matching] but found [true]">
      <![CDATA[java.lang.AssertionError: expected [Title is not matching] but found [true]
at com.expedia.stepdefs.Homepagestepdefs.validating_tthe_title_of_expedia(Homepagestepdefs.java:39)
at âœ½.validating Tthe Title of Expedia(file:///C:/Users/bagan/eclipse-workspaceforamazon/SeleniumOnExpedia/src/test/java/com/expedia/fetures/expediaHomepage.feature:5)
... Removed 5 stack frames]]>
    </failure>
  </testcase> <!-- runScenario -->
</testsuite> <!-- Surefire test -->
