<?xml version="1.0" encoding="UTF-8"?>
<testng-results ignored="0" total="1" passed="0" failed="1" skipped="0">
  <reporter-output>
  </reporter-output>
  <suite started-at="2021-03-20T16:31:46 GMT-07:00" name="Surefire suite" finished-at="2021-03-20T16:31:58 GMT-07:00" duration-ms="12547">
    <groups>
      <group name="cucumber">
        <method signature="AbstractTestNGCucumberTests.runScenario(io.cucumber.testng.PickleWrapper, io.cucumber.testng.FeatureWrapper)[pri:0, instance:com.expedia.utilities.TestRunner@10683d9d]" name="runScenario" class="io.cucumber.testng.AbstractTestNGCucumberTests"/>
      </group> <!-- cucumber -->
    </groups>
    <test started-at="2021-03-20T16:31:46 GMT-07:00" name="Surefire test" finished-at="2021-03-20T16:31:58 GMT-07:00" duration-ms="12547">
      <class name="com.expedia.utilities.TestRunner">
        <test-method is-config="true" signature="setUpClass()[pri:0, instance:com.expedia.utilities.TestRunner@10683d9d]" started-at="2021-03-20T16:31:46 GMT-07:00" name="setUpClass" finished-at="2021-03-20T16:31:46 GMT-07:00" duration-ms="582" status="PASS">
          <reporter-output>
          </reporter-output>
        </test-method> <!-- setUpClass -->
        <test-method signature="runScenario(io.cucumber.testng.PickleWrapper, io.cucumber.testng.FeatureWrapper)[pri:0, instance:com.expedia.utilities.TestRunner@10683d9d]" started-at="2021-03-20T16:31:46 GMT-07:00" name="runScenario" description="Runs Cucumber Scenarios" data-provider="scenarios" finished-at="2021-03-20T16:31:58 GMT-07:00" duration-ms="11650" status="FAIL">
          <params>
            <param index="0">
              <value>
                <![CDATA["Validating expedia home page"]]>
              </value>
            </param>
            <param index="1">
              <value>
                <![CDATA["Optional[Expedia HomePage]"]]>
              </value>
            </param>
          </params>
          <exception class="java.lang.AssertionError">
            <message>
              <![CDATA[expected [Title is not matching] but found [true]]]>
            </message>
            <full-stacktrace>
              <![CDATA[java.lang.AssertionError: expected [Title is not matching] but found [true]
at org.testng.Assert.fail(Assert.java:99)
at org.testng.Assert.failNotEquals(Assert.java:1037)
at org.testng.Assert.assertEqualsImpl(Assert.java:140)
at org.testng.Assert.assertEquals(Assert.java:122)
at org.testng.Assert.assertEquals(Assert.java:617)
at com.expedia.stepdefs.Homepagestepdefs.validating_tthe_title_of_expedia(Homepagestepdefs.java:39)
at âœ½.validating Tthe Title of Expedia(file:///C:/Users/bagan/eclipse-workspaceforamazon/SeleniumOnExpedia/src/test/java/com/expedia/fetures/expediaHomepage.feature:5)
]]>
            </full-stacktrace>
          </exception> <!-- java.lang.AssertionError -->
          <reporter-output>
          </reporter-output>
        </test-method> <!-- runScenario -->
        <test-method is-config="true" signature="tearDownClass()[pri:0, instance:com.expedia.utilities.TestRunner@10683d9d]" started-at="2021-03-20T16:31:58 GMT-07:00" name="tearDownClass" finished-at="2021-03-20T16:31:58 GMT-07:00" duration-ms="261" status="PASS">
          <reporter-output>
          </reporter-output>
        </test-method> <!-- tearDownClass -->
      </class> <!-- com.expedia.utilities.TestRunner -->
    </test> <!-- Surefire test -->
  </suite> <!-- Surefire suite -->
</testng-results>
